
Circuit 1 cell sky130_fd_pr__pfet_01v8 and Circuit 2 cell sky130_fd_pr__pfet_01v8 are black boxes.
Equate elements:  no current cell.
Device classes sky130_fd_pr__pfet_01v8 and sky130_fd_pr__pfet_01v8 are equivalent.

Circuit 1 cell sky130_fd_pr__nfet_01v8 and Circuit 2 cell sky130_fd_pr__nfet_01v8 are black boxes.
Equate elements:  no current cell.
Device classes sky130_fd_pr__nfet_01v8 and sky130_fd_pr__nfet_01v8 are equivalent.

Subcircuit summary:
Circuit 1: inv_schematic.spice             |Circuit 2: inv_layout.spice                
-------------------------------------------|-------------------------------------------
sky130_fd_pr__pfet_01v8 (1)                |sky130_fd_pr__pfet_01v8 (1)                
sky130_fd_pr__nfet_01v8 (1)                |sky130_fd_pr__nfet_01v8 (1)                
Number of devices: 2                       |Number of devices: 2                       
Number of nets: 4                          |Number of nets: 4                          
---------------------------------------------------------------------------------------
Netlists match uniquely with property errors.
sky130_fd_pr__nfet_01v8:M2 vs. sky130_fd_pr__nfet_01v8:1:
 W circuit1: 1   circuit2: 0.5   (delta=66.7%, cutoff=1%)
sky130_fd_pr__pfet_01v8:M1 vs. sky130_fd_pr__pfet_01v8:0:
 W circuit1: 2   circuit2: 1   (delta=66.7%, cutoff=1%)
Cells have no pins;  pin matching not needed.
Device classes inv_schematic.spice and inv_layout.spice are equivalent.

Final result: Circuits match uniquely.
Property errors were found.

The following cells had property errors:
 inv_schematic.spice
